/u/s/i/sinclair/courses/cs552/spring2019/handouts/testprograms/public/inst_tests/add_0.asm RELAX-PASS
/u/s/i/sinclair/courses/cs552/spring2019/handouts/testprograms/public/inst_tests/add_1.asm RELAX-PASS
/u/s/i/sinclair/courses/cs552/spring2019/handouts/testprograms/public/inst_tests/add_2.asm RELAX-PASS
/u/s/i/sinclair/courses/cs552/spring2019/handouts/testprograms/public/inst_tests/addi_0.asm SUCCESS CPI:8.5 CYCLES:17 ICOUNT:2 IHITRATE: 0 DHITRATE: 0
/u/s/i/sinclair/courses/cs552/spring2019/handouts/testprograms/public/inst_tests/addi_1.asm SUCCESS CPI:8.5 CYCLES:17 ICOUNT:2 IHITRATE: 0 DHITRATE: 0
/u/s/i/sinclair/courses/cs552/spring2019/handouts/testprograms/public/inst_tests/addi_2.asm SUCCESS CPI:8.5 CYCLES:17 ICOUNT:2 IHITRATE: 0 DHITRATE: 0
/u/s/i/sinclair/courses/cs552/spring2019/handouts/testprograms/public/inst_tests/addi_3.asm RELAX-PASS
/u/s/i/sinclair/courses/cs552/spring2019/handouts/testprograms/public/inst_tests/andn_0.asm RELAX-PASS
/u/s/i/sinclair/courses/cs552/spring2019/handouts/testprograms/public/inst_tests/andn_1.asm RELAX-PASS
/u/s/i/sinclair/courses/cs552/spring2019/handouts/testprograms/public/inst_tests/andn_2.asm SUCCESS CPI:8.5 CYCLES:17 ICOUNT:2 IHITRATE: 0 DHITRATE: 0
/u/s/i/sinclair/courses/cs552/spring2019/handouts/testprograms/public/inst_tests/andni_0.asm SUCCESS CPI:8.5 CYCLES:17 ICOUNT:2 IHITRATE: 0 DHITRATE: 0
/u/s/i/sinclair/courses/cs552/spring2019/handouts/testprograms/public/inst_tests/andni_1.asm SUCCESS CPI:8.5 CYCLES:17 ICOUNT:2 IHITRATE: 0 DHITRATE: 0
/u/s/i/sinclair/courses/cs552/spring2019/handouts/testprograms/public/inst_tests/andni_2.asm SUCCESS CPI:8.5 CYCLES:17 ICOUNT:2 IHITRATE: 0 DHITRATE: 0
/u/s/i/sinclair/courses/cs552/spring2019/handouts/testprograms/public/inst_tests/andni_3.asm SUCCESS CPI:8.5 CYCLES:17 ICOUNT:2 IHITRATE: 0 DHITRATE: 0
/u/s/i/sinclair/courses/cs552/spring2019/handouts/testprograms/public/inst_tests/andni_4.asm SUCCESS CPI:8.5 CYCLES:17 ICOUNT:2 IHITRATE: 0 DHITRATE: 0
/u/s/i/sinclair/courses/cs552/spring2019/handouts/testprograms/public/inst_tests/beqz_0.asm RELAX-PASS
/u/s/i/sinclair/courses/cs552/spring2019/handouts/testprograms/public/inst_tests/bltz_0.asm SUCCESS CPI:14.9 CYCLES:30 ICOUNT:2 IHITRATE: 0 DHITRATE: 0
/u/s/i/sinclair/courses/cs552/spring2019/handouts/testprograms/public/inst_tests/bltz_1.asm SUCCESS CPI:10.3 CYCLES:31 ICOUNT:3 IHITRATE: 0 DHITRATE: 0
/u/s/i/sinclair/courses/cs552/spring2019/handouts/testprograms/public/inst_tests/bltz_2.asm SUCCESS CPI:10.3 CYCLES:31 ICOUNT:3 IHITRATE: 0 DHITRATE: 0
/u/s/i/sinclair/courses/cs552/spring2019/handouts/testprograms/public/inst_tests/bltz_3.asm SUCCESS CPI:17.4 CYCLES:35 ICOUNT:2 IHITRATE: 0 DHITRATE: 0
/u/s/i/sinclair/courses/cs552/spring2019/handouts/testprograms/public/inst_tests/bnez_0.asm SUCCESS CPI:10.4 CYCLES:21 ICOUNT:2 IHITRATE: 0 DHITRATE: 0
/u/s/i/sinclair/courses/cs552/spring2019/handouts/testprograms/public/inst_tests/bnez_2.asm SUCCESS CPI:10.4 CYCLES:21 ICOUNT:2 IHITRATE: 0 DHITRATE: 0
/u/s/i/sinclair/courses/cs552/spring2019/handouts/testprograms/public/inst_tests/bnez_3.asm SUCCESS CPI:14.4 CYCLES:29 ICOUNT:2 IHITRATE: 0 DHITRATE: 0
/u/s/i/sinclair/courses/cs552/spring2019/handouts/testprograms/public/inst_tests/bnez_4.asm SUCCESS CPI:14.4 CYCLES:29 ICOUNT:2 IHITRATE: 0 DHITRATE: 0
/u/s/i/sinclair/courses/cs552/spring2019/handouts/testprograms/public/inst_tests/bnez_5.asm SUCCESS CPI:11.6 CYCLES:35 ICOUNT:3 IHITRATE: 0 DHITRATE: 0
/u/s/i/sinclair/courses/cs552/spring2019/handouts/testprograms/public/inst_tests/bnez_6.asm SUCCESS CPI:14.9 CYCLES:30 ICOUNT:2 IHITRATE: 0 DHITRATE: 0
/u/s/i/sinclair/courses/cs552/spring2019/handouts/testprograms/public/inst_tests/btr_0.asm RELAX-PASS
/u/s/i/sinclair/courses/cs552/spring2019/handouts/testprograms/public/inst_tests/btr_1.asm RELAX-PASS
/u/s/i/sinclair/courses/cs552/spring2019/handouts/testprograms/public/inst_tests/btr_2.asm RELAX-PASS
/u/s/i/sinclair/courses/cs552/spring2019/handouts/testprograms/public/inst_tests/btr_3.asm RELAX-PASS
