          // seed 1
0000 c0d4 lbi r0, 212 // icount 0
0002 90f9 slbi r0, 249 // icount 1
0004 c176 lbi r1, 118 // icount 2
0006 91e9 slbi r1, 233 // icount 3
0008 c29f lbi r2, 159 // icount 4
000a 9252 slbi r2, 82 // icount 5
000c c3d0 lbi r3, 208 // icount 6
000e 936f slbi r3, 111 // icount 7
0010 c485 lbi r4, 133 // icount 8
0012 940c slbi r4, 12 // icount 9
0014 c5ac lbi r5, 172 // icount 10
0016 9514 slbi r5, 20 // icount 11
0018 c60e lbi r6, 14 // icount 12
001a 96c3 slbi r6, 195 // icount 13
001c c750 lbi r7, 80 // icount 14
001e 97f3 slbi r7, 243 // icount 15
0020 c200 lbi r2, 0 // icount 16
0022 c100 lbi r1, 0 // icount 17
0024 0800 nop // to align branch icount 18
0026 7800 bgez r0, 0 // icount 19
0028 0800 nop // to align branch icount 20
002a 7f08 bgez r7, 8 // icount 21
002c 0800 nop // icount 22
002e 0800 nop // icount 23
0030 0800 nop // icount 24
0032 0800 nop // icount 25
0034 0800 nop // icount 26
0036 0800 nop // icount 27
0038 0800 nop // icount 28
003a 0800 nop // icount 29
003c 0800 nop // to align branch icount 30
003e 7e08 bgez r6, 8 // icount 31
0040 0800 nop // icount 32
0042 0800 nop // icount 33
0044 0800 nop // icount 34
0046 0800 nop // icount 35
0048 0800 nop // icount 36
004a 0800 nop // icount 37
004c 0800 nop // icount 38
004e 0800 nop // icount 39
0050 0800 nop // to align branch icount 40
0052 7b04 bgez r3, 4 // icount 41
0054 0800 nop // icount 42
0056 0800 nop // icount 43
0058 0800 nop // icount 44
005a 0800 nop // icount 45
005c 0800 nop // to align branch icount 46
005e 7f1c bgez r7, 28 // icount 47
0060 0800 nop // icount 48
0062 0800 nop // icount 49
0064 0800 nop // icount 50
0066 0800 nop // icount 51
0068 0800 nop // icount 52
006a 0800 nop // icount 53
006c 0800 nop // icount 54
006e 0800 nop // icount 55
0070 0800 nop // icount 56
0072 0800 nop // icount 57
0074 0800 nop // icount 58
0076 0800 nop // icount 59
0078 0800 nop // icount 60
007a 0800 nop // icount 61
007c 0800 nop // icount 62
007e 0800 nop // icount 63
0080 0800 nop // icount 64
0082 0800 nop // icount 65
0084 0800 nop // icount 66
0086 0800 nop // icount 67
0088 0800 nop // icount 68
008a 0800 nop // icount 69
008c 0800 nop // icount 70
008e 0800 nop // icount 71
0090 0800 nop // icount 72
0092 0800 nop // icount 73
0094 0800 nop // icount 74
0096 0800 nop // icount 75
0098 0800 nop // to align branch icount 76
009a 7e10 bgez r6, 16 // icount 77
009c 0800 nop // icount 78
009e 0800 nop // icount 79
00a0 0800 nop // icount 80
00a2 0800 nop // icount 81
00a4 0800 nop // icount 82
00a6 0800 nop // icount 83
00a8 0800 nop // icount 84
00aa 0800 nop // icount 85
00ac 0800 nop // icount 86
00ae 0800 nop // icount 87
00b0 0800 nop // icount 88
00b2 0800 nop // icount 89
00b4 0800 nop // icount 90
00b6 0800 nop // icount 91
00b8 0800 nop // icount 92
00ba 0800 nop // icount 93
00bc 0800 nop // to align branch icount 94
00be 7c1c bgez r4, 28 // icount 95
00c0 0800 nop // icount 96
00c2 0800 nop // icount 97
00c4 0800 nop // icount 98
00c6 0800 nop // icount 99
00c8 0800 nop // icount 100
00ca 0800 nop // icount 101
00cc 0800 nop // icount 102
00ce 0800 nop // icount 103
00d0 0800 nop // icount 104
00d2 0800 nop // icount 105
00d4 0800 nop // icount 106
00d6 0800 nop // icount 107
00d8 0800 nop // icount 108
00da 0800 nop // icount 109
00dc 0800 nop // icount 110
00de 0800 nop // icount 111
00e0 0800 nop // icount 112
00e2 0800 nop // icount 113
00e4 0800 nop // icount 114
00e6 0800 nop // icount 115
00e8 0800 nop // icount 116
00ea 0800 nop // icount 117
00ec 0800 nop // icount 118
00ee 0800 nop // icount 119
00f0 0800 nop // icount 120
00f2 0800 nop // icount 121
00f4 0800 nop // icount 122
00f6 0800 nop // icount 123
00f8 0800 nop // to align branch icount 124
00fa 7904 bgez r1, 4 // icount 125
00fc 0800 nop // icount 126
00fe 0800 nop // icount 127
0100 0800 nop // icount 128
0102 0800 nop // icount 129
0104 0800 nop // to align branch icount 130
0106 7d04 bgez r5, 4 // icount 131
0108 0800 nop // icount 132
010a 0800 nop // icount 133
010c 0800 nop // icount 134
010e 0800 nop // icount 135
0110 0800 nop // to align branch icount 136
0112 7800 bgez r0, 0 // icount 137
0114 0800 nop // to align branch icount 138
0116 7d1c bgez r5, 28 // icount 139
0118 0800 nop // icount 140
011a 0800 nop // icount 141
011c 0800 nop // icount 142
011e 0800 nop // icount 143
0120 0800 nop // icount 144
0122 0800 nop // icount 145
0124 0800 nop // icount 146
0126 0800 nop // icount 147
0128 0800 nop // icount 148
012a 0800 nop // icount 149
012c 0800 nop // icount 150
012e 0800 nop // icount 151
0130 0800 nop // icount 152
0132 0800 nop // icount 153
0134 0800 nop // icount 154
0136 0800 nop // icount 155
0138 0800 nop // icount 156
013a 0800 nop // icount 157
013c 0800 nop // icount 158
013e 0800 nop // icount 159
0140 0800 nop // icount 160
0142 0800 nop // icount 161
0144 0800 nop // icount 162
0146 0800 nop // icount 163
0148 0800 nop // icount 164
014a 0800 nop // icount 165
014c 0800 nop // icount 166
014e 0800 nop // icount 167
0150 0800 nop // to align branch icount 168
0152 7c18 bgez r4, 24 // icount 169
0154 0800 nop // icount 170
0156 0800 nop // icount 171
0158 0800 nop // icount 172
015a 0800 nop // icount 173
015c 0800 nop // icount 174
015e 0800 nop // icount 175
0160 0800 nop // icount 176
0162 0800 nop // icount 177
0164 0800 nop // icount 178
0166 0800 nop // icount 179
0168 0800 nop // icount 180
016a 0800 nop // icount 181
016c 0800 nop // icount 182
016e 0800 nop // icount 183
0170 0800 nop // icount 184
0172 0800 nop // icount 185
0174 0800 nop // icount 186
0176 0800 nop // icount 187
0178 0800 nop // icount 188
017a 0800 nop // icount 189
017c 0800 nop // icount 190
017e 0800 nop // icount 191
0180 0800 nop // icount 192
0182 0800 nop // icount 193
0184 0800 nop // to align branch icount 194
0186 7f10 bgez r7, 16 // icount 195
0188 0800 nop // icount 196
018a 0800 nop // icount 197
018c 0800 nop // icount 198
018e 0800 nop // icount 199
0190 0800 nop // icount 200
0192 0800 nop // icount 201
0194 0800 nop // icount 202
0196 0800 nop // icount 203
0198 0800 nop // icount 204
019a 0800 nop // icount 205
019c 0800 nop // icount 206
019e 0800 nop // icount 207
01a0 0800 nop // icount 208
01a2 0800 nop // icount 209
01a4 0800 nop // icount 210
01a6 0800 nop // icount 211
01a8 0800 nop // to align branch icount 212
01aa 7e10 bgez r6, 16 // icount 213
01ac 0800 nop // icount 214
01ae 0800 nop // icount 215
01b0 0800 nop // icount 216
01b2 0800 nop // icount 217
01b4 0800 nop // icount 218
01b6 0800 nop // icount 219
01b8 0800 nop // icount 220
01ba 0800 nop // icount 221
01bc 0800 nop // icount 222
01be 0800 nop // icount 223
01c0 0800 nop // icount 224
01c2 0800 nop // icount 225
01c4 0800 nop // icount 226
01c6 0800 nop // icount 227
01c8 0800 nop // icount 228
01ca 0800 nop // icount 229
01cc 0800 nop // to align branch icount 230
01ce 7e18 bgez r6, 24 // icount 231
01d0 0800 nop // icount 232
01d2 0800 nop // icount 233
01d4 0800 nop // icount 234
01d6 0800 nop // icount 235
01d8 0800 nop // icount 236
01da 0800 nop // icount 237
01dc 0800 nop // icount 238
01de 0800 nop // icount 239
01e0 0800 nop // icount 240
01e2 0800 nop // icount 241
01e4 0800 nop // icount 242
01e6 0800 nop // icount 243
01e8 0800 nop // icount 244
01ea 0800 nop // icount 245
01ec 0800 nop // icount 246
01ee 0800 nop // icount 247
01f0 0800 nop // icount 248
01f2 0800 nop // icount 249
01f4 0800 nop // icount 250
01f6 0800 nop // icount 251
01f8 0800 nop // icount 252
01fa 0800 nop // icount 253
01fc 0800 nop // icount 254
01fe 0800 nop // icount 255
0200 0800 nop // to align branch icount 256
0202 7908 bgez r1, 8 // icount 257
0204 0800 nop // icount 258
0206 0800 nop // icount 259
0208 0800 nop // icount 260
020a 0800 nop // icount 261
020c 0800 nop // icount 262
020e 0800 nop // icount 263
0210 0800 nop // icount 264
0212 0800 nop // icount 265
0214 0000 halt // icount 266
